ABC command line: " read ../benchmarks/SimpleOOO/DUV/duv.aig; pdr -K ../benchmarks/SimpleOOO/DUV/duv.info -P ../benchmarks/SimpleOOO/DUV/duv.log -vql -T 15".

VarMax = 300. FrameMax = 10000. QueMax = 0. TimeMax = 15. MonoCNF = no. SkipGen = no. SolveAll = no.
nInsts = 8, instLen = 11
Frame Clauses                                                     Max Queue Flops Cex      Time
  1 : 0 52                                                                1    53      0.01 sec
  2 : 0 49 495                                                            3   112      0.18 sec
  3 : 0 257 5889 7682                                                     4   226     15.00 sec
Reached timeout (15 seconds) in frame 3.
Block = 1294  Oblig = 40958  Clause = 13849  Call =285087 (sat=82.7%)  Cex =   0  Start = 945
SAT solving =     7.75 sec ( 51.66 %)
  unsat     =     0.94 sec (  6.28 %)
  sat       =     6.81 sec ( 45.38 %)
Generalize  =    10.82 sec ( 72.13 %)
Push clause =     0.02 sec (  0.15 %)
Ternary sim =     1.96 sec ( 13.07 %)
Containment =     1.04 sec (  6.93 %)
CNF compute =     1.19 sec (  7.96 %)
Refinement  =     0.00 sec (  0.00 %)
TOTAL       =    15.01 sec (100.00 %)
Property UNDECIDED.  Time =    15.01 sec
